2019-10-11 17:45:03,885 INFO org.springframework.boot.StartupInfoLogger [main] Starting CartMongoRepositoryTest on SA0052412 with PID 44984 (started by usrgft8 in C:\Users\usrgft8\Documents\GFT\Aplicacoes\carrinho)
2019-10-11 17:45:03,889 DEBUG org.springframework.boot.StartupInfoLogger [main] Running with Spring Boot v2.1.8.RELEASE, Spring v5.1.9.RELEASE
2019-10-11 17:45:03,890 INFO org.springframework.boot.SpringApplication [main] No active profile set, falling back to default profiles: default
2019-10-11 17:45:06,790 INFO org.springframework.data.repository.config.RepositoryConfigurationDelegate [main] Bootstrapping Spring Data repositories in DEFAULT mode.
2019-10-11 17:45:07,005 INFO org.springframework.data.repository.config.RepositoryConfigurationDelegate [main] Finished Spring Data repository scanning in 164ms. Found 3 repository interfaces.
2019-10-11 17:45:08,176 INFO cz.jirutka.spring.embedmongo.EmbeddedMongoBuilder [main] Initializing embedded MongoDB instance
2019-10-11 17:45:08,307 INFO cz.jirutka.spring.embedmongo.slf4j.Slf4jProgressListener [main] Extract C:\Users\usrgft8\.embedmongo\win32\mongodb-win32-x86_64-3.2.1.zip : starting...
2019-10-11 17:45:09,153 INFO cz.jirutka.spring.embedmongo.slf4j.Slf4jProgressListener [main] Extract C:\Users\usrgft8\.embedmongo\win32\mongodb-win32-x86_64-3.2.1.zip : extract mongodb-win32-x86_64-3.2.1/bin/mongod.exe
2019-10-11 17:45:09,154 INFO cz.jirutka.spring.embedmongo.slf4j.Slf4jProgressListener [main] Extract C:\Users\usrgft8\.embedmongo\win32\mongodb-win32-x86_64-3.2.1.zip : noting left
2019-10-11 17:45:09,155 INFO cz.jirutka.spring.embedmongo.slf4j.Slf4jProgressListener [main] Extract C:\Users\usrgft8\.embedmongo\win32\mongodb-win32-x86_64-3.2.1.zip : finished
2019-10-11 17:45:09,157 INFO cz.jirutka.spring.embedmongo.EmbeddedMongoBuilder [main] Starting embedded MongoDB instance
2019-10-11 17:45:13,609 INFO de.flapdoodle.embed.process.runtime.Executable [main] start de.flapdoodle.embed.mongo.config.MongodConfigBuilder$ImmutableMongodConfig@71b6172c
2019-10-11 17:45:14,383 INFO com.mongodb.diagnostics.logging.SLF4JLogger [main] Cluster created with settings {hosts=[localhost:65043], mode=SINGLE, requiredClusterType=UNKNOWN, serverSelectionTimeout='30000 ms', maxWaitQueueSize=500}
2019-10-11 17:45:14,512 INFO com.mongodb.diagnostics.logging.SLF4JLogger [cluster-ClusterId{value='5da0e9da30916fafb8419a4d', description='null'}-localhost:65043] Opened connection [connectionId{localValue:1, serverValue:1}] to localhost:65043
2019-10-11 17:45:14,516 INFO com.mongodb.diagnostics.logging.SLF4JLogger [cluster-ClusterId{value='5da0e9da30916fafb8419a4d', description='null'}-localhost:65043] Monitor thread successfully connected to server with description ServerDescription{address=localhost:65043, type=STANDALONE, state=CONNECTED, ok=true, version=ServerVersion{versionList=[3, 2, 1]}, minWireVersion=0, maxWireVersion=4, maxDocumentSize=16777216, logicalSessionTimeoutMinutes=null, roundTripTimeNanos=2021945}
2019-10-11 17:45:17,996 INFO com.mongodb.diagnostics.logging.SLF4JLogger [main] Opened connection [connectionId{localValue:2, serverValue:2}] to localhost:65043
2019-10-11 17:45:21,119 INFO org.springframework.scheduling.concurrent.ExecutorConfigurationSupport [main] Initializing ExecutorService 'applicationTaskExecutor'
2019-10-11 17:45:23,544 INFO de.flapdoodle.embed.process.io.Slf4jLevel$3 [Thread-8] note: noprealloc may hurt performance in many applications
2019-10-11 17:45:23,697 INFO de.flapdoodle.embed.process.io.Slf4jLevel$3 [Thread-8] 2019-10-11T17:45:23.696-0300 I CONTROL  [initandlisten] MongoDB starting : pid=50272 port=65062 dbpath=C:\Users\usrgft8\AppData\Local\Temp\embedmongo-db-eb7013e7-2234-4db2-908b-25878a494cbf 64-bit host=SA0052412
2019-10-11 17:45:23,698 INFO de.flapdoodle.embed.process.io.Slf4jLevel$3 [Thread-8] 2019-10-11T17:45:23.697-0300 I CONTROL  [initandlisten] targetMinOS: Windows Vista/Windows Server 2008
2019-10-11 17:45:23,698 INFO de.flapdoodle.embed.process.io.Slf4jLevel$3 [Thread-8] 2019-10-11T17:45:23.697-0300 I CONTROL  [initandlisten] db version v3.5.5
2019-10-11 17:45:23,699 INFO de.flapdoodle.embed.process.io.Slf4jLevel$3 [Thread-8] 2019-10-11T17:45:23.697-0300 I CONTROL  [initandlisten] git version: 98515c812b6fa893613f063dae568ff8319cbfbd
2019-10-11 17:45:23,699 INFO de.flapdoodle.embed.process.io.Slf4jLevel$3 [Thread-8] 2019-10-11T17:45:23.697-0300 I CONTROL  [initandlisten] allocator: tcmalloc
2019-10-11 17:45:23,700 INFO de.flapdoodle.embed.process.io.Slf4jLevel$3 [Thread-8] 2019-10-11T17:45:23.697-0300 I CONTROL  [initandlisten] modules: none
2019-10-11 17:45:23,700 INFO de.flapdoodle.embed.process.io.Slf4jLevel$3 [Thread-8] 2019-10-11T17:45:23.697-0300 I CONTROL  [initandlisten] build environment:
2019-10-11 17:45:23,700 INFO de.flapdoodle.embed.process.io.Slf4jLevel$3 [Thread-8] 2019-10-11T17:45:23.697-0300 I CONTROL  [initandlisten]     distarch: x86_64
2019-10-11 17:45:23,700 INFO de.flapdoodle.embed.process.io.Slf4jLevel$3 [Thread-8] 2019-10-11T17:45:23.697-0300 I CONTROL  [initandlisten]     target_arch: x86_64
2019-10-11 17:45:23,701 INFO de.flapdoodle.embed.process.io.Slf4jLevel$3 [Thread-8] 2019-10-11T17:45:23.697-0300 I CONTROL  [initandlisten] options: { net: { bindIp: "127.0.0.1", http: { enabled: false }, port: 65062 }, security: { authorization: "disabled" }, storage: { dbPath: "C:\Users\usrgft8\AppData\Local\Temp\embedmongo-db-eb7013e7-2234-4db2-908b-25878a494cbf", journal: { enabled: false }, mmapv1: { preallocDataFiles: false, smallFiles: true } } }
2019-10-11 17:45:23,702 INFO de.flapdoodle.embed.process.io.Slf4jLevel$3 [Thread-8] 2019-10-11T17:45:23.702-0300 I STORAGE  [initandlisten] wiredtiger_open config: create,cache_size=3436M,session_max=20000,eviction=(threads_min=4,threads_max=4),config_base=false,statistics=(fast),log=(enabled=true,archive=true,path=journal,compressor=snappy),file_manager=(close_idle_time=100000),checkpoint=(wait=60,log_size=2GB),statistics_log=(wait=0),verbose=(recovery_progress),,log=(enabled=false),
2019-10-11 17:45:24,717 INFO de.flapdoodle.embed.process.io.Slf4jLevel$3 [Thread-8] 2019-10-11T17:45:24.717-0300 W STORAGE  [initandlisten] Detected configuration for non-active storage engine mmapv1 when current storage engine is wiredTiger
2019-10-11 17:45:24,718 INFO de.flapdoodle.embed.process.io.Slf4jLevel$3 [Thread-8] 2019-10-11T17:45:24.718-0300 I CONTROL  [initandlisten] 
2019-10-11 17:45:24,719 INFO de.flapdoodle.embed.process.io.Slf4jLevel$3 [Thread-8] 2019-10-11T17:45:24.718-0300 I CONTROL  [initandlisten] ** NOTE: This is a development version (3.5.5) of MongoDB.
2019-10-11 17:45:24,720 INFO de.flapdoodle.embed.process.io.Slf4jLevel$3 [Thread-8] 2019-10-11T17:45:24.718-0300 I CONTROL  [initandlisten] **       Not recommended for production.
2019-10-11 17:45:24,720 INFO de.flapdoodle.embed.process.io.Slf4jLevel$3 [Thread-8] 2019-10-11T17:45:24.718-0300 I CONTROL  [initandlisten] 
2019-10-11 17:45:27,636 INFO de.flapdoodle.embed.process.io.Slf4jLevel$3 [Thread-8] 2019-10-11T17:45:27.636-0300 W FTDC     [initandlisten] Failed to initialize Performance Counters for FTDC: WindowsPdhError: PdhExpandCounterPathW failed with 'O objeto especificado não foi encontrado no computador.' for counter '\Memory\Available Bytes'
2019-10-11 17:45:27,637 INFO de.flapdoodle.embed.process.io.Slf4jLevel$3 [Thread-8] 2019-10-11T17:45:27.636-0300 I FTDC     [initandlisten] Initializing full-time diagnostic data capture with directory 'C:/Users/usrgft8/AppData/Local/Temp/embedmongo-db-eb7013e7-2234-4db2-908b-25878a494cbf/diagnostic.data'
2019-10-11 17:45:28,861 INFO de.flapdoodle.embed.process.io.Slf4jLevel$3 [Thread-8] 2019-10-11T17:45:28.862-0300 I INDEX    [initandlisten] build index on: admin.system.version properties: { v: 2, key: { version: 1 }, name: "incompatible_with_version_32", ns: "admin.system.version" }
2019-10-11 17:45:28,862 INFO de.flapdoodle.embed.process.io.Slf4jLevel$3 [Thread-8] 2019-10-11T17:45:28.862-0300 I INDEX    [initandlisten] 	 building index using bulk method; build may temporarily use up to 500 megabytes of RAM
2019-10-11 17:45:28,912 INFO de.flapdoodle.embed.process.io.Slf4jLevel$3 [Thread-8] 2019-10-11T17:45:28.913-0300 I INDEX    [initandlisten] build index done.  scanned 0 total records. 0 secs
2019-10-11 17:45:28,914 INFO de.flapdoodle.embed.process.io.Slf4jLevel$3 [Thread-8] 2019-10-11T17:45:28.915-0300 I COMMAND  [initandlisten] setting featureCompatibilityVersion to 3.4
2019-10-11 17:45:28,915 INFO de.flapdoodle.embed.process.io.Slf4jLevel$3 [Thread-8] 2019-10-11T17:45:28.915-0300 I NETWORK  [thread1] waiting for connections on port 65062
2019-10-11 17:45:28,915 INFO de.flapdoodle.embed.process.runtime.Executable [main] start de.flapdoodle.embed.mongo.config.MongodConfigBuilder$ImmutableMongodConfig@1e477944
2019-10-11 17:45:28,948 INFO com.mongodb.diagnostics.logging.SLF4JLogger [main] Cluster created with settings {hosts=[localhost:65062], mode=MULTIPLE, requiredClusterType=UNKNOWN, serverSelectionTimeout='30000 ms', maxWaitQueueSize=500}
2019-10-11 17:45:28,949 INFO com.mongodb.diagnostics.logging.SLF4JLogger [main] Adding discovered server localhost:65062 to client view of cluster
2019-10-11 17:45:28,955 INFO de.flapdoodle.embed.process.io.Slf4jLevel$3 [Thread-8] 2019-10-11T17:45:28.956-0300 I NETWORK  [thread1] connection accepted from 127.0.0.1:65070 #1 (1 connection now open)
2019-10-11 17:45:28,956 INFO de.flapdoodle.embed.process.io.Slf4jLevel$3 [Thread-8] 2019-10-11T17:45:28.957-0300 I NETWORK  [conn1] received client metadata from 127.0.0.1:65070 conn1: { driver: { name: "mongo-java-driver", version: "3.8.2" }, os: { type: "Windows", name: "Windows 8.1", architecture: "amd64", version: "6.3" }, platform: "Java/Oracle Corporation/1.8.0_111-b14" }
2019-10-11 17:45:28,960 INFO com.mongodb.diagnostics.logging.SLF4JLogger [cluster-ClusterId{value='5da0e9e830916fafb8419a4e', description='null'}-localhost:65062] Opened connection [connectionId{localValue:3, serverValue:1}] to localhost:65062
2019-10-11 17:45:28,961 INFO com.mongodb.diagnostics.logging.SLF4JLogger [cluster-ClusterId{value='5da0e9e830916fafb8419a4e', description='null'}-localhost:65062] Monitor thread successfully connected to server with description ServerDescription{address=localhost:65062, type=STANDALONE, state=CONNECTED, ok=true, version=ServerVersion{versionList=[3, 5, 5]}, minWireVersion=0, maxWireVersion=5, maxDocumentSize=16777216, logicalSessionTimeoutMinutes=null, roundTripTimeNanos=770838}
2019-10-11 17:45:28,963 INFO com.mongodb.diagnostics.logging.SLF4JLogger [cluster-ClusterId{value='5da0e9e830916fafb8419a4e', description='null'}-localhost:65062] Discovered cluster type of STANDALONE
2019-10-11 17:45:30,274 INFO org.springframework.boot.actuate.endpoint.web.EndpointLinksResolver [main] Exposing 2 endpoint(s) beneath base path '/actuator'
2019-10-11 17:45:30,406 INFO org.springframework.boot.StartupInfoLogger [main] Started CartMongoRepositoryTest in 27.805 seconds (JVM running for 35.591)
2019-10-11 17:45:54,854 INFO de.flapdoodle.embed.process.io.Slf4jLevel$3 [Thread-8] 2019-10-11T17:45:54.854-0300 I NETWORK  [thread1] connection accepted from 127.0.0.1:65096 #2 (2 connections now open)
2019-10-11 17:45:54,860 INFO de.flapdoodle.embed.process.io.Slf4jLevel$3 [Thread-8] 2019-10-11T17:45:54.860-0300 I -        [conn1] end connection 127.0.0.1:65070 (2 connections now open)
2019-10-11 17:45:54,871 INFO de.flapdoodle.embed.process.io.Slf4jLevel$3 [Thread-8] 2019-10-11T17:45:54.871-0300 I COMMAND  [conn2] terminating, shutdown command received
2019-10-11 17:45:54,871 WARN de.flapdoodle.embed.process.io.file.Files [Thread-3] could not delete C:\Users\usrgft8\AppData\Local\Temp\extract-1c0f34d0-b1f5-43a7-a2ef-442137c8f738mongod.exe. Will try to delete it again when program exits.
2019-10-11 17:45:54,872 INFO de.flapdoodle.embed.process.io.Slf4jLevel$3 [Thread-8] 2019-10-11T17:45:54.873-0300 I NETWORK  [conn2] shutdown: going to close listening sockets...
2019-10-11 17:45:54,873 INFO de.flapdoodle.embed.process.io.Slf4jLevel$3 [Thread-8] 2019-10-11T17:45:54.874-0300 I NETWORK  [conn2] closing listening socket: 236
2019-10-11 17:45:54,874 INFO de.flapdoodle.embed.process.io.Slf4jLevel$3 [Thread-8] 2019-10-11T17:45:54.874-0300 I NETWORK  [conn2] shutdown: going to flush diaglog...
2019-10-11 17:45:54,875 INFO de.flapdoodle.embed.process.io.Slf4jLevel$3 [Thread-8] 2019-10-11T17:45:54.876-0300 I FTDC     [conn2] Shutting down full-time diagnostic data capture
2019-10-11 17:45:54,889 INFO de.flapdoodle.embed.process.io.Slf4jLevel$3 [Thread-8] 2019-10-11T17:45:54.890-0300 I STORAGE  [conn2] WiredTigerKVEngine shutting down
2019-10-11 17:45:54,992 INFO de.flapdoodle.embed.process.runtime.ProcessControl [Thread-4] stopOrDestroyProcess: process has not exited 
2019-10-11 17:45:55,606 INFO de.flapdoodle.embed.process.io.Slf4jLevel$3 [Thread-8] 2019-10-11T17:45:55.606-0300 I STORAGE  [conn2] shutdown: removing fs lock...
2019-10-11 17:45:55,607 INFO de.flapdoodle.embed.process.io.Slf4jLevel$3 [Thread-8] 2019-10-11T17:45:55.607-0300 I CONTROL  [conn2] now exiting
2019-10-11 17:45:55,607 INFO de.flapdoodle.embed.process.io.Slf4jLevel$3 [Thread-8] 2019-10-11T17:45:55.607-0300 I CONTROL  [initandlisten] shutting down with code:0
2019-10-11 17:45:55,842 INFO org.springframework.scheduling.concurrent.ExecutorConfigurationSupport [Thread-10] Shutting down ExecutorService 'applicationTaskExecutor'
2019-10-11 17:47:03,286 INFO org.springframework.boot.StartupInfoLogger [main] Starting CartMongoRepositoryTest on SA0052412 with PID 50668 (started by usrgft8 in C:\Users\usrgft8\Documents\GFT\Aplicacoes\carrinho)
2019-10-11 17:47:03,289 DEBUG org.springframework.boot.StartupInfoLogger [main] Running with Spring Boot v2.1.8.RELEASE, Spring v5.1.9.RELEASE
2019-10-11 17:47:03,290 INFO org.springframework.boot.SpringApplication [main] No active profile set, falling back to default profiles: default
2019-10-11 17:47:04,879 INFO org.springframework.data.repository.config.RepositoryConfigurationDelegate [main] Bootstrapping Spring Data repositories in DEFAULT mode.
2019-10-11 17:47:05,062 INFO org.springframework.data.repository.config.RepositoryConfigurationDelegate [main] Finished Spring Data repository scanning in 168ms. Found 3 repository interfaces.
2019-10-11 17:47:06,143 INFO cz.jirutka.spring.embedmongo.EmbeddedMongoBuilder [main] Initializing embedded MongoDB instance
2019-10-11 17:47:06,199 INFO cz.jirutka.spring.embedmongo.slf4j.Slf4jProgressListener [main] Extract C:\Users\usrgft8\.embedmongo\win32\mongodb-win32-x86_64-3.2.1.zip : starting...
2019-10-11 17:47:06,569 INFO cz.jirutka.spring.embedmongo.slf4j.Slf4jProgressListener [main] Extract C:\Users\usrgft8\.embedmongo\win32\mongodb-win32-x86_64-3.2.1.zip : extract mongodb-win32-x86_64-3.2.1/bin/mongod.exe
2019-10-11 17:47:06,570 INFO cz.jirutka.spring.embedmongo.slf4j.Slf4jProgressListener [main] Extract C:\Users\usrgft8\.embedmongo\win32\mongodb-win32-x86_64-3.2.1.zip : noting left
2019-10-11 17:47:06,571 INFO cz.jirutka.spring.embedmongo.slf4j.Slf4jProgressListener [main] Extract C:\Users\usrgft8\.embedmongo\win32\mongodb-win32-x86_64-3.2.1.zip : finished
2019-10-11 17:47:06,573 INFO cz.jirutka.spring.embedmongo.EmbeddedMongoBuilder [main] Starting embedded MongoDB instance
2019-10-11 17:47:08,970 INFO de.flapdoodle.embed.process.runtime.Executable [main] start de.flapdoodle.embed.mongo.config.MongodConfigBuilder$ImmutableMongodConfig@1e7f19b4
2019-10-11 17:47:09,478 INFO com.mongodb.diagnostics.logging.SLF4JLogger [main] Cluster created with settings {hosts=[localhost:65162], mode=SINGLE, requiredClusterType=UNKNOWN, serverSelectionTimeout='30000 ms', maxWaitQueueSize=500}
2019-10-11 17:47:09,582 INFO com.mongodb.diagnostics.logging.SLF4JLogger [cluster-ClusterId{value='5da0ea4d30916fc5ec23b070', description='null'}-localhost:65162] Opened connection [connectionId{localValue:1, serverValue:1}] to localhost:65162
2019-10-11 17:47:09,585 INFO com.mongodb.diagnostics.logging.SLF4JLogger [cluster-ClusterId{value='5da0ea4d30916fc5ec23b070', description='null'}-localhost:65162] Monitor thread successfully connected to server with description ServerDescription{address=localhost:65162, type=STANDALONE, state=CONNECTED, ok=true, version=ServerVersion{versionList=[3, 2, 1]}, minWireVersion=0, maxWireVersion=4, maxDocumentSize=16777216, logicalSessionTimeoutMinutes=null, roundTripTimeNanos=1247922}
2019-10-11 17:47:09,970 INFO com.mongodb.diagnostics.logging.SLF4JLogger [main] Opened connection [connectionId{localValue:2, serverValue:2}] to localhost:65162
2019-10-11 17:47:12,199 INFO org.springframework.scheduling.concurrent.ExecutorConfigurationSupport [main] Initializing ExecutorService 'applicationTaskExecutor'
2019-10-11 17:47:14,113 INFO de.flapdoodle.embed.process.io.Slf4jLevel$3 [Thread-8] note: noprealloc may hurt performance in many applications
2019-10-11 17:47:14,201 INFO de.flapdoodle.embed.process.io.Slf4jLevel$3 [Thread-8] 2019-10-11T17:47:14.200-0300 I CONTROL  [initandlisten] MongoDB starting : pid=50740 port=65174 dbpath=C:\Users\usrgft8\AppData\Local\Temp\embedmongo-db-ad127433-14a7-4b19-b7fa-40c940875bf6 64-bit host=SA0052412
2019-10-11 17:47:14,202 INFO de.flapdoodle.embed.process.io.Slf4jLevel$3 [Thread-8] 2019-10-11T17:47:14.202-0300 I CONTROL  [initandlisten] targetMinOS: Windows Vista/Windows Server 2008
2019-10-11 17:47:14,203 INFO de.flapdoodle.embed.process.io.Slf4jLevel$3 [Thread-8] 2019-10-11T17:47:14.202-0300 I CONTROL  [initandlisten] db version v3.5.5
2019-10-11 17:47:14,203 INFO de.flapdoodle.embed.process.io.Slf4jLevel$3 [Thread-8] 2019-10-11T17:47:14.202-0300 I CONTROL  [initandlisten] git version: 98515c812b6fa893613f063dae568ff8319cbfbd
2019-10-11 17:47:14,203 INFO de.flapdoodle.embed.process.io.Slf4jLevel$3 [Thread-8] 2019-10-11T17:47:14.202-0300 I CONTROL  [initandlisten] allocator: tcmalloc
2019-10-11 17:47:14,203 INFO de.flapdoodle.embed.process.io.Slf4jLevel$3 [Thread-8] 2019-10-11T17:47:14.202-0300 I CONTROL  [initandlisten] modules: none
2019-10-11 17:47:14,204 INFO de.flapdoodle.embed.process.io.Slf4jLevel$3 [Thread-8] 2019-10-11T17:47:14.202-0300 I CONTROL  [initandlisten] build environment:
2019-10-11 17:47:14,204 INFO de.flapdoodle.embed.process.io.Slf4jLevel$3 [Thread-8] 2019-10-11T17:47:14.202-0300 I CONTROL  [initandlisten]     distarch: x86_64
2019-10-11 17:47:14,204 INFO de.flapdoodle.embed.process.io.Slf4jLevel$3 [Thread-8] 2019-10-11T17:47:14.202-0300 I CONTROL  [initandlisten]     target_arch: x86_64
2019-10-11 17:47:14,205 INFO de.flapdoodle.embed.process.io.Slf4jLevel$3 [Thread-8] 2019-10-11T17:47:14.202-0300 I CONTROL  [initandlisten] options: { net: { bindIp: "127.0.0.1", http: { enabled: false }, port: 65174 }, security: { authorization: "disabled" }, storage: { dbPath: "C:\Users\usrgft8\AppData\Local\Temp\embedmongo-db-ad127433-14a7-4b19-b7fa-40c940875bf6", journal: { enabled: false }, mmapv1: { preallocDataFiles: false, smallFiles: true } } }
2019-10-11 17:47:14,205 INFO de.flapdoodle.embed.process.io.Slf4jLevel$3 [Thread-8] 2019-10-11T17:47:14.206-0300 I STORAGE  [initandlisten] wiredtiger_open config: create,cache_size=3436M,session_max=20000,eviction=(threads_min=4,threads_max=4),config_base=false,statistics=(fast),log=(enabled=true,archive=true,path=journal,compressor=snappy),file_manager=(close_idle_time=100000),checkpoint=(wait=60,log_size=2GB),statistics_log=(wait=0),verbose=(recovery_progress),,log=(enabled=false),
2019-10-11 17:47:15,135 INFO de.flapdoodle.embed.process.io.Slf4jLevel$3 [Thread-8] 2019-10-11T17:47:15.135-0300 W STORAGE  [initandlisten] Detected configuration for non-active storage engine mmapv1 when current storage engine is wiredTiger
2019-10-11 17:47:15,136 INFO de.flapdoodle.embed.process.io.Slf4jLevel$3 [Thread-8] 2019-10-11T17:47:15.135-0300 I CONTROL  [initandlisten] 
2019-10-11 17:47:15,136 INFO de.flapdoodle.embed.process.io.Slf4jLevel$3 [Thread-8] 2019-10-11T17:47:15.135-0300 I CONTROL  [initandlisten] ** NOTE: This is a development version (3.5.5) of MongoDB.
2019-10-11 17:47:15,137 INFO de.flapdoodle.embed.process.io.Slf4jLevel$3 [Thread-8] 2019-10-11T17:47:15.135-0300 I CONTROL  [initandlisten] **       Not recommended for production.
2019-10-11 17:47:15,137 INFO de.flapdoodle.embed.process.io.Slf4jLevel$3 [Thread-8] 2019-10-11T17:47:15.135-0300 I CONTROL  [initandlisten] 
2019-10-11 17:47:15,750 INFO de.flapdoodle.embed.process.io.Slf4jLevel$3 [Thread-8] 2019-10-11T17:47:15.750-0300 W FTDC     [initandlisten] Failed to initialize Performance Counters for FTDC: WindowsPdhError: PdhExpandCounterPathW failed with 'O objeto especificado não foi encontrado no computador.' for counter '\Memory\Available Bytes'
2019-10-11 17:47:15,751 INFO de.flapdoodle.embed.process.io.Slf4jLevel$3 [Thread-8] 2019-10-11T17:47:15.750-0300 I FTDC     [initandlisten] Initializing full-time diagnostic data capture with directory 'C:/Users/usrgft8/AppData/Local/Temp/embedmongo-db-ad127433-14a7-4b19-b7fa-40c940875bf6/diagnostic.data'
2019-10-11 17:47:16,763 INFO de.flapdoodle.embed.process.io.Slf4jLevel$3 [Thread-8] 2019-10-11T17:47:16.763-0300 I INDEX    [initandlisten] build index on: admin.system.version properties: { v: 2, key: { version: 1 }, name: "incompatible_with_version_32", ns: "admin.system.version" }
2019-10-11 17:47:16,764 INFO de.flapdoodle.embed.process.io.Slf4jLevel$3 [Thread-8] 2019-10-11T17:47:16.763-0300 I INDEX    [initandlisten] 	 building index using bulk method; build may temporarily use up to 500 megabytes of RAM
2019-10-11 17:47:16,838 INFO de.flapdoodle.embed.process.io.Slf4jLevel$3 [Thread-8] 2019-10-11T17:47:16.839-0300 I INDEX    [initandlisten] build index done.  scanned 0 total records. 0 secs
2019-10-11 17:47:16,841 INFO de.flapdoodle.embed.process.io.Slf4jLevel$3 [Thread-8] 2019-10-11T17:47:16.841-0300 I COMMAND  [initandlisten] setting featureCompatibilityVersion to 3.4
2019-10-11 17:47:16,842 INFO de.flapdoodle.embed.process.io.Slf4jLevel$3 [Thread-8] 2019-10-11T17:47:16.843-0300 I NETWORK  [thread1] waiting for connections on port 65174
2019-10-11 17:47:16,843 INFO de.flapdoodle.embed.process.runtime.Executable [main] start de.flapdoodle.embed.mongo.config.MongodConfigBuilder$ImmutableMongodConfig@5dd6a4c8
2019-10-11 17:47:16,865 INFO com.mongodb.diagnostics.logging.SLF4JLogger [main] Cluster created with settings {hosts=[localhost:65174], mode=MULTIPLE, requiredClusterType=UNKNOWN, serverSelectionTimeout='30000 ms', maxWaitQueueSize=500}
2019-10-11 17:47:16,866 INFO com.mongodb.diagnostics.logging.SLF4JLogger [main] Adding discovered server localhost:65174 to client view of cluster
2019-10-11 17:47:16,875 INFO de.flapdoodle.embed.process.io.Slf4jLevel$3 [Thread-8] 2019-10-11T17:47:16.875-0300 I NETWORK  [thread1] connection accepted from 127.0.0.1:65179 #1 (1 connection now open)
2019-10-11 17:47:16,876 INFO de.flapdoodle.embed.process.io.Slf4jLevel$3 [Thread-8] 2019-10-11T17:47:16.876-0300 I NETWORK  [conn1] received client metadata from 127.0.0.1:65179 conn1: { driver: { name: "mongo-java-driver", version: "3.8.2" }, os: { type: "Windows", name: "Windows 8.1", architecture: "amd64", version: "6.3" }, platform: "Java/Oracle Corporation/1.8.0_111-b14" }
2019-10-11 17:47:16,879 INFO com.mongodb.diagnostics.logging.SLF4JLogger [cluster-ClusterId{value='5da0ea5430916fc5ec23b071', description='null'}-localhost:65174] Opened connection [connectionId{localValue:3, serverValue:1}] to localhost:65174
2019-10-11 17:47:16,881 INFO com.mongodb.diagnostics.logging.SLF4JLogger [cluster-ClusterId{value='5da0ea5430916fc5ec23b071', description='null'}-localhost:65174] Monitor thread successfully connected to server with description ServerDescription{address=localhost:65174, type=STANDALONE, state=CONNECTED, ok=true, version=ServerVersion{versionList=[3, 5, 5]}, minWireVersion=0, maxWireVersion=5, maxDocumentSize=16777216, logicalSessionTimeoutMinutes=null, roundTripTimeNanos=1631926}
2019-10-11 17:47:16,883 INFO com.mongodb.diagnostics.logging.SLF4JLogger [cluster-ClusterId{value='5da0ea5430916fc5ec23b071', description='null'}-localhost:65174] Discovered cluster type of STANDALONE
2019-10-11 17:47:17,988 INFO org.springframework.boot.actuate.endpoint.web.EndpointLinksResolver [main] Exposing 2 endpoint(s) beneath base path '/actuator'
2019-10-11 17:47:18,103 INFO org.springframework.boot.StartupInfoLogger [main] Started CartMongoRepositoryTest in 15.818 seconds (JVM running for 18.52)
2019-10-11 17:49:56,284 DEBUG br.com.altran.carrinho.CartMongoRepositoryTest [main] Cart after save {"id":"5da0ea7130916fc5ec23b075","customer_id":"5da0ea5930916fc5ec23b072","items":[{"id":"5da0ea6030916fc5ec23b073","name":"Celular Motorola","value":1000.0},{"id":"5da0ea6430916fc5ec23b074","name":"Monitor LG","value":1500.0}]}
2019-10-11 17:49:56,289 DEBUG br.com.altran.carrinho.CartMongoRepositoryTest [main] Cart id 5da0ea7130916fc5ec23b075
2019-10-11 17:49:56,290 DEBUG br.com.altran.carrinho.CartMongoRepositoryTest [main] Cart id customer 5da0ea5930916fc5ec23b072
2019-10-11 17:49:56,328 INFO de.flapdoodle.embed.process.io.Slf4jLevel$3 [Thread-8] 2019-10-11T17:49:56.328-0300 I -        [conn1] end connection 127.0.0.1:65179 (1 connection now open)
2019-10-11 17:49:56,337 WARN de.flapdoodle.embed.process.io.file.Files [Thread-3] could not delete C:\Users\usrgft8\AppData\Local\Temp\extract-31019c9c-d721-4b75-a291-1860cc8d9288mongod.exe. Will try to delete it again when program exits.
2019-10-11 17:49:56,334 INFO de.flapdoodle.embed.process.io.Slf4jLevel$3 [Thread-8] 2019-10-11T17:49:56.334-0300 I NETWORK  [thread1] connection accepted from 127.0.0.1:65312 #2 (1 connection now open)
2019-10-11 17:49:56,339 INFO de.flapdoodle.embed.process.io.Slf4jLevel$3 [Thread-8] 2019-10-11T17:49:56.336-0300 I COMMAND  [conn2] terminating, shutdown command received
2019-10-11 17:49:56,339 INFO de.flapdoodle.embed.process.io.Slf4jLevel$3 [Thread-8] 2019-10-11T17:49:56.339-0300 I NETWORK  [conn2] shutdown: going to close listening sockets...
2019-10-11 17:49:56,340 INFO de.flapdoodle.embed.process.io.Slf4jLevel$3 [Thread-8] 2019-10-11T17:49:56.339-0300 I NETWORK  [conn2] closing listening socket: 1248
2019-10-11 17:49:56,340 INFO de.flapdoodle.embed.process.io.Slf4jLevel$3 [Thread-8] 2019-10-11T17:49:56.339-0300 I NETWORK  [conn2] shutdown: going to flush diaglog...
2019-10-11 17:49:56,340 INFO de.flapdoodle.embed.process.io.Slf4jLevel$3 [Thread-8] 2019-10-11T17:49:56.340-0300 I FTDC     [conn2] Shutting down full-time diagnostic data capture
2019-10-11 17:49:56,354 INFO de.flapdoodle.embed.process.io.Slf4jLevel$3 [Thread-8] 2019-10-11T17:49:56.353-0300 I STORAGE  [conn2] WiredTigerKVEngine shutting down
2019-10-11 17:49:56,451 INFO de.flapdoodle.embed.process.runtime.ProcessControl [Thread-5] stopOrDestroyProcess: process has not exited 
2019-10-11 17:49:56,547 INFO de.flapdoodle.embed.process.io.Slf4jLevel$3 [Thread-8] 2019-10-11T17:49:56.547-0300 I STORAGE  [conn2] shutdown: removing fs lock...
2019-10-11 17:49:56,548 INFO de.flapdoodle.embed.process.io.Slf4jLevel$3 [Thread-8] 2019-10-11T17:49:56.548-0300 I CONTROL  [conn2] now exiting
2019-10-11 17:49:56,548 INFO de.flapdoodle.embed.process.io.Slf4jLevel$3 [Thread-8] 2019-10-11T17:49:56.548-0300 I CONTROL  [conn2] shutting down with code:0
2019-10-11 17:49:56,549 INFO de.flapdoodle.embed.process.io.Slf4jLevel$3 [Thread-8] 2019-10-11T17:49:56.548-0300 I CONTROL  [initandlisten] shutting down with code:0
2019-10-11 17:49:56,692 INFO org.springframework.scheduling.concurrent.ExecutorConfigurationSupport [Thread-10] Shutting down ExecutorService 'applicationTaskExecutor'
